Determining if the pthread_create exist failed with the following output:
Change Dir: /home/nico/ros/ICPR_TP4/ICPR/pemego_ws/build/pysdf/CMakeFiles/CMakeTmp

Run Build Command:"/usr/bin/make" "cmTC_18578/fast"
/usr/bin/make -f CMakeFiles/cmTC_18578.dir/build.make CMakeFiles/cmTC_18578.dir/build
make[1]: Entering directory '/home/nico/ros/ICPR_TP4/ICPR/pemego_ws/build/pysdf/CMakeFiles/CMakeTmp'
Building C object CMakeFiles/cmTC_18578.dir/CheckSymbolExists.c.o
/usr/bin/cc    -o CMakeFiles/cmTC_18578.dir/CheckSymbolExists.c.o   -c /home/nico/ros/ICPR_TP4/ICPR/pemego_ws/build/pysdf/CMakeFiles/CMakeTmp/CheckSymbolExists.c
Linking C executable cmTC_18578
/usr/bin/cmake -E cmake_link_script CMakeFiles/cmTC_18578.dir/link.txt --verbose=1
/usr/bin/cc      -rdynamic CMakeFiles/cmTC_18578.dir/CheckSymbolExists.c.o  -o cmTC_18578 
CMakeFiles/cmTC_18578.dir/CheckSymbolExists.c.o: In function `main':
CheckSymbolExists.c:(.text+0x1b): undefined reference to `pthread_create'
collect2: error: ld returned 1 exit status
CMakeFiles/cmTC_18578.dir/build.make:97: recipe for target 'cmTC_18578' failed
make[1]: *** [cmTC_18578] Error 1
make[1]: Leaving directory '/home/nico/ros/ICPR_TP4/ICPR/pemego_ws/build/pysdf/CMakeFiles/CMakeTmp'
Makefile:126: recipe for target 'cmTC_18578/fast' failed
make: *** [cmTC_18578/fast] Error 2

File /home/nico/ros/ICPR_TP4/ICPR/pemego_ws/build/pysdf/CMakeFiles/CMakeTmp/CheckSymbolExists.c:
/* */
#include <pthread.h>

int main(int argc, char** argv)
{
  (void)argv;
#ifndef pthread_create
  return ((int*)(&pthread_create))[argc];
#else
  (void)argc;
  return 0;
#endif
}

Determining if the function pthread_create exists in the pthreads failed with the following output:
Change Dir: /home/nico/ros/ICPR_TP4/ICPR/pemego_ws/build/pysdf/CMakeFiles/CMakeTmp

Run Build Command:"/usr/bin/make" "cmTC_36243/fast"
/usr/bin/make -f CMakeFiles/cmTC_36243.dir/build.make CMakeFiles/cmTC_36243.dir/build
make[1]: Entering directory '/home/nico/ros/ICPR_TP4/ICPR/pemego_ws/build/pysdf/CMakeFiles/CMakeTmp'
Building C object CMakeFiles/cmTC_36243.dir/CheckFunctionExists.c.o
/usr/bin/cc   -DCHECK_FUNCTION_EXISTS=pthread_create   -o CMakeFiles/cmTC_36243.dir/CheckFunctionExists.c.o   -c /usr/share/cmake-3.10/Modules/CheckFunctionExists.c
Linking C executable cmTC_36243
/usr/bin/cmake -E cmake_link_script CMakeFiles/cmTC_36243.dir/link.txt --verbose=1
/usr/bin/cc  -DCHECK_FUNCTION_EXISTS=pthread_create    -rdynamic CMakeFiles/cmTC_36243.dir/CheckFunctionExists.c.o  -o cmTC_36243 -lpthreads 
/usr/bin/ld: cannot find -lpthreads
collect2: error: ld returned 1 exit status
CMakeFiles/cmTC_36243.dir/build.make:97: recipe for target 'cmTC_36243' failed
make[1]: *** [cmTC_36243] Error 1
make[1]: Leaving directory '/home/nico/ros/ICPR_TP4/ICPR/pemego_ws/build/pysdf/CMakeFiles/CMakeTmp'
Makefile:126: recipe for target 'cmTC_36243/fast' failed
make: *** [cmTC_36243/fast] Error 2


