Determining if the pthread_create exist failed with the following output:
Change Dir: /home/nico/ros/ICPR_TP4/ICPR/pemego_ws/build/icpr_robotsimu_results/CMakeFiles/CMakeTmp

Run Build Command:"/usr/bin/make" "cmTC_7f263/fast"
/usr/bin/make -f CMakeFiles/cmTC_7f263.dir/build.make CMakeFiles/cmTC_7f263.dir/build
make[1]: Entering directory '/home/nico/ros/ICPR_TP4/ICPR/pemego_ws/build/icpr_robotsimu_results/CMakeFiles/CMakeTmp'
Building C object CMakeFiles/cmTC_7f263.dir/CheckSymbolExists.c.o
/usr/bin/cc    -o CMakeFiles/cmTC_7f263.dir/CheckSymbolExists.c.o   -c /home/nico/ros/ICPR_TP4/ICPR/pemego_ws/build/icpr_robotsimu_results/CMakeFiles/CMakeTmp/CheckSymbolExists.c
Linking C executable cmTC_7f263
/usr/bin/cmake -E cmake_link_script CMakeFiles/cmTC_7f263.dir/link.txt --verbose=1
/usr/bin/cc      -rdynamic CMakeFiles/cmTC_7f263.dir/CheckSymbolExists.c.o  -o cmTC_7f263 
CMakeFiles/cmTC_7f263.dir/CheckSymbolExists.c.o: In function `main':
CheckSymbolExists.c:(.text+0x1b): undefined reference to `pthread_create'
collect2: error: ld returned 1 exit status
CMakeFiles/cmTC_7f263.dir/build.make:97: recipe for target 'cmTC_7f263' failed
make[1]: *** [cmTC_7f263] Error 1
make[1]: Leaving directory '/home/nico/ros/ICPR_TP4/ICPR/pemego_ws/build/icpr_robotsimu_results/CMakeFiles/CMakeTmp'
Makefile:126: recipe for target 'cmTC_7f263/fast' failed
make: *** [cmTC_7f263/fast] Error 2

File /home/nico/ros/ICPR_TP4/ICPR/pemego_ws/build/icpr_robotsimu_results/CMakeFiles/CMakeTmp/CheckSymbolExists.c:
/* */
#include <pthread.h>

int main(int argc, char** argv)
{
  (void)argv;
#ifndef pthread_create
  return ((int*)(&pthread_create))[argc];
#else
  (void)argc;
  return 0;
#endif
}

Determining if the function pthread_create exists in the pthreads failed with the following output:
Change Dir: /home/nico/ros/ICPR_TP4/ICPR/pemego_ws/build/icpr_robotsimu_results/CMakeFiles/CMakeTmp

Run Build Command:"/usr/bin/make" "cmTC_172eb/fast"
/usr/bin/make -f CMakeFiles/cmTC_172eb.dir/build.make CMakeFiles/cmTC_172eb.dir/build
make[1]: Entering directory '/home/nico/ros/ICPR_TP4/ICPR/pemego_ws/build/icpr_robotsimu_results/CMakeFiles/CMakeTmp'
Building C object CMakeFiles/cmTC_172eb.dir/CheckFunctionExists.c.o
/usr/bin/cc   -DCHECK_FUNCTION_EXISTS=pthread_create   -o CMakeFiles/cmTC_172eb.dir/CheckFunctionExists.c.o   -c /usr/share/cmake-3.10/Modules/CheckFunctionExists.c
Linking C executable cmTC_172eb
/usr/bin/cmake -E cmake_link_script CMakeFiles/cmTC_172eb.dir/link.txt --verbose=1
/usr/bin/cc  -DCHECK_FUNCTION_EXISTS=pthread_create    -rdynamic CMakeFiles/cmTC_172eb.dir/CheckFunctionExists.c.o  -o cmTC_172eb -lpthreads 
/usr/bin/ld: cannot find -lpthreads
collect2: error: ld returned 1 exit status
CMakeFiles/cmTC_172eb.dir/build.make:97: recipe for target 'cmTC_172eb' failed
make[1]: *** [cmTC_172eb] Error 1
make[1]: Leaving directory '/home/nico/ros/ICPR_TP4/ICPR/pemego_ws/build/icpr_robotsimu_results/CMakeFiles/CMakeTmp'
Makefile:126: recipe for target 'cmTC_172eb/fast' failed
make: *** [cmTC_172eb/fast] Error 2


