Determining if the pthread_create exist failed with the following output:
Change Dir: /home/loann/Bureau/ICPR/TP4/ICPR/pemego_ws/build/husky_description/CMakeFiles/CMakeTmp

Run Build Command:"/usr/bin/make" "cmTC_2d981/fast"
/usr/bin/make -f CMakeFiles/cmTC_2d981.dir/build.make CMakeFiles/cmTC_2d981.dir/build
make[1] : on entre dans le répertoire « /home/loann/Bureau/ICPR/TP4/ICPR/pemego_ws/build/husky_description/CMakeFiles/CMakeTmp »
Building C object CMakeFiles/cmTC_2d981.dir/CheckSymbolExists.c.o
/usr/bin/cc    -o CMakeFiles/cmTC_2d981.dir/CheckSymbolExists.c.o   -c /home/loann/Bureau/ICPR/TP4/ICPR/pemego_ws/build/husky_description/CMakeFiles/CMakeTmp/CheckSymbolExists.c
Linking C executable cmTC_2d981
/usr/bin/cmake -E cmake_link_script CMakeFiles/cmTC_2d981.dir/link.txt --verbose=1
/usr/bin/cc      -rdynamic CMakeFiles/cmTC_2d981.dir/CheckSymbolExists.c.o  -o cmTC_2d981 
CMakeFiles/cmTC_2d981.dir/CheckSymbolExists.c.o : Dans la fonction « main » :
CheckSymbolExists.c:(.text+0x1b) : référence indéfinie vers « pthread_create »
collect2: error: ld returned 1 exit status
CMakeFiles/cmTC_2d981.dir/build.make:97: recipe for target 'cmTC_2d981' failed
make[1]: *** [cmTC_2d981] Error 1
make[1] : on quitte le répertoire « /home/loann/Bureau/ICPR/TP4/ICPR/pemego_ws/build/husky_description/CMakeFiles/CMakeTmp »
Makefile:126: recipe for target 'cmTC_2d981/fast' failed
make: *** [cmTC_2d981/fast] Error 2

File /home/loann/Bureau/ICPR/TP4/ICPR/pemego_ws/build/husky_description/CMakeFiles/CMakeTmp/CheckSymbolExists.c:
/* */
#include <pthread.h>

int main(int argc, char** argv)
{
  (void)argv;
#ifndef pthread_create
  return ((int*)(&pthread_create))[argc];
#else
  (void)argc;
  return 0;
#endif
}

Determining if the function pthread_create exists in the pthreads failed with the following output:
Change Dir: /home/loann/Bureau/ICPR/TP4/ICPR/pemego_ws/build/husky_description/CMakeFiles/CMakeTmp

Run Build Command:"/usr/bin/make" "cmTC_01b15/fast"
/usr/bin/make -f CMakeFiles/cmTC_01b15.dir/build.make CMakeFiles/cmTC_01b15.dir/build
make[1] : on entre dans le répertoire « /home/loann/Bureau/ICPR/TP4/ICPR/pemego_ws/build/husky_description/CMakeFiles/CMakeTmp »
Building C object CMakeFiles/cmTC_01b15.dir/CheckFunctionExists.c.o
/usr/bin/cc   -DCHECK_FUNCTION_EXISTS=pthread_create   -o CMakeFiles/cmTC_01b15.dir/CheckFunctionExists.c.o   -c /usr/share/cmake-3.10/Modules/CheckFunctionExists.c
Linking C executable cmTC_01b15
/usr/bin/cmake -E cmake_link_script CMakeFiles/cmTC_01b15.dir/link.txt --verbose=1
/usr/bin/cc  -DCHECK_FUNCTION_EXISTS=pthread_create    -rdynamic CMakeFiles/cmTC_01b15.dir/CheckFunctionExists.c.o  -o cmTC_01b15 -lpthreads 
/usr/bin/ld : ne peut trouver -lpthreads
collect2: error: ld returned 1 exit status
CMakeFiles/cmTC_01b15.dir/build.make:97: recipe for target 'cmTC_01b15' failed
make[1]: *** [cmTC_01b15] Error 1
make[1] : on quitte le répertoire « /home/loann/Bureau/ICPR/TP4/ICPR/pemego_ws/build/husky_description/CMakeFiles/CMakeTmp »
Makefile:126: recipe for target 'cmTC_01b15/fast' failed
make: *** [cmTC_01b15/fast] Error 2


