Determining if the pthread_create exist failed with the following output:
Change Dir: /home/nico/ros/ICPR_TP4/ICPR/pemego_ws/build/velocity_controllers/CMakeFiles/CMakeTmp

Run Build Command:"/usr/bin/make" "cmTC_74a05/fast"
/usr/bin/make -f CMakeFiles/cmTC_74a05.dir/build.make CMakeFiles/cmTC_74a05.dir/build
make[1]: Entering directory '/home/nico/ros/ICPR_TP4/ICPR/pemego_ws/build/velocity_controllers/CMakeFiles/CMakeTmp'
Building C object CMakeFiles/cmTC_74a05.dir/CheckSymbolExists.c.o
/usr/bin/cc    -o CMakeFiles/cmTC_74a05.dir/CheckSymbolExists.c.o   -c /home/nico/ros/ICPR_TP4/ICPR/pemego_ws/build/velocity_controllers/CMakeFiles/CMakeTmp/CheckSymbolExists.c
Linking C executable cmTC_74a05
/usr/bin/cmake -E cmake_link_script CMakeFiles/cmTC_74a05.dir/link.txt --verbose=1
/usr/bin/cc      -rdynamic CMakeFiles/cmTC_74a05.dir/CheckSymbolExists.c.o  -o cmTC_74a05 
CMakeFiles/cmTC_74a05.dir/CheckSymbolExists.c.o: In function `main':
CheckSymbolExists.c:(.text+0x1b): undefined reference to `pthread_create'
collect2: error: ld returned 1 exit status
CMakeFiles/cmTC_74a05.dir/build.make:97: recipe for target 'cmTC_74a05' failed
make[1]: *** [cmTC_74a05] Error 1
make[1]: Leaving directory '/home/nico/ros/ICPR_TP4/ICPR/pemego_ws/build/velocity_controllers/CMakeFiles/CMakeTmp'
Makefile:126: recipe for target 'cmTC_74a05/fast' failed
make: *** [cmTC_74a05/fast] Error 2

File /home/nico/ros/ICPR_TP4/ICPR/pemego_ws/build/velocity_controllers/CMakeFiles/CMakeTmp/CheckSymbolExists.c:
/* */
#include <pthread.h>

int main(int argc, char** argv)
{
  (void)argv;
#ifndef pthread_create
  return ((int*)(&pthread_create))[argc];
#else
  (void)argc;
  return 0;
#endif
}

Determining if the function pthread_create exists in the pthreads failed with the following output:
Change Dir: /home/nico/ros/ICPR_TP4/ICPR/pemego_ws/build/velocity_controllers/CMakeFiles/CMakeTmp

Run Build Command:"/usr/bin/make" "cmTC_4867f/fast"
/usr/bin/make -f CMakeFiles/cmTC_4867f.dir/build.make CMakeFiles/cmTC_4867f.dir/build
make[1]: Entering directory '/home/nico/ros/ICPR_TP4/ICPR/pemego_ws/build/velocity_controllers/CMakeFiles/CMakeTmp'
Building C object CMakeFiles/cmTC_4867f.dir/CheckFunctionExists.c.o
/usr/bin/cc   -DCHECK_FUNCTION_EXISTS=pthread_create   -o CMakeFiles/cmTC_4867f.dir/CheckFunctionExists.c.o   -c /usr/share/cmake-3.10/Modules/CheckFunctionExists.c
Linking C executable cmTC_4867f
/usr/bin/cmake -E cmake_link_script CMakeFiles/cmTC_4867f.dir/link.txt --verbose=1
/usr/bin/cc  -DCHECK_FUNCTION_EXISTS=pthread_create    -rdynamic CMakeFiles/cmTC_4867f.dir/CheckFunctionExists.c.o  -o cmTC_4867f -lpthreads 
/usr/bin/ld: cannot find -lpthreads
collect2: error: ld returned 1 exit status
CMakeFiles/cmTC_4867f.dir/build.make:97: recipe for target 'cmTC_4867f' failed
make[1]: *** [cmTC_4867f] Error 1
make[1]: Leaving directory '/home/nico/ros/ICPR_TP4/ICPR/pemego_ws/build/velocity_controllers/CMakeFiles/CMakeTmp'
Makefile:126: recipe for target 'cmTC_4867f/fast' failed
make: *** [cmTC_4867f/fast] Error 2


