Determining if the pthread_create exist failed with the following output:
Change Dir: /home/nico/ros/ICPR_TP4/ICPR/pemego_ws/build/husky_viz/CMakeFiles/CMakeTmp

Run Build Command:"/usr/bin/make" "cmTC_52f8f/fast"
/usr/bin/make -f CMakeFiles/cmTC_52f8f.dir/build.make CMakeFiles/cmTC_52f8f.dir/build
make[1]: Entering directory '/home/nico/ros/ICPR_TP4/ICPR/pemego_ws/build/husky_viz/CMakeFiles/CMakeTmp'
Building C object CMakeFiles/cmTC_52f8f.dir/CheckSymbolExists.c.o
/usr/bin/cc    -o CMakeFiles/cmTC_52f8f.dir/CheckSymbolExists.c.o   -c /home/nico/ros/ICPR_TP4/ICPR/pemego_ws/build/husky_viz/CMakeFiles/CMakeTmp/CheckSymbolExists.c
Linking C executable cmTC_52f8f
/usr/bin/cmake -E cmake_link_script CMakeFiles/cmTC_52f8f.dir/link.txt --verbose=1
/usr/bin/cc      -rdynamic CMakeFiles/cmTC_52f8f.dir/CheckSymbolExists.c.o  -o cmTC_52f8f 
CMakeFiles/cmTC_52f8f.dir/CheckSymbolExists.c.o: In function `main':
CheckSymbolExists.c:(.text+0x1b): undefined reference to `pthread_create'
collect2: error: ld returned 1 exit status
CMakeFiles/cmTC_52f8f.dir/build.make:97: recipe for target 'cmTC_52f8f' failed
make[1]: *** [cmTC_52f8f] Error 1
make[1]: Leaving directory '/home/nico/ros/ICPR_TP4/ICPR/pemego_ws/build/husky_viz/CMakeFiles/CMakeTmp'
Makefile:126: recipe for target 'cmTC_52f8f/fast' failed
make: *** [cmTC_52f8f/fast] Error 2

File /home/nico/ros/ICPR_TP4/ICPR/pemego_ws/build/husky_viz/CMakeFiles/CMakeTmp/CheckSymbolExists.c:
/* */
#include <pthread.h>

int main(int argc, char** argv)
{
  (void)argv;
#ifndef pthread_create
  return ((int*)(&pthread_create))[argc];
#else
  (void)argc;
  return 0;
#endif
}

Determining if the function pthread_create exists in the pthreads failed with the following output:
Change Dir: /home/nico/ros/ICPR_TP4/ICPR/pemego_ws/build/husky_viz/CMakeFiles/CMakeTmp

Run Build Command:"/usr/bin/make" "cmTC_b3f48/fast"
/usr/bin/make -f CMakeFiles/cmTC_b3f48.dir/build.make CMakeFiles/cmTC_b3f48.dir/build
make[1]: Entering directory '/home/nico/ros/ICPR_TP4/ICPR/pemego_ws/build/husky_viz/CMakeFiles/CMakeTmp'
Building C object CMakeFiles/cmTC_b3f48.dir/CheckFunctionExists.c.o
/usr/bin/cc   -DCHECK_FUNCTION_EXISTS=pthread_create   -o CMakeFiles/cmTC_b3f48.dir/CheckFunctionExists.c.o   -c /usr/share/cmake-3.10/Modules/CheckFunctionExists.c
Linking C executable cmTC_b3f48
/usr/bin/cmake -E cmake_link_script CMakeFiles/cmTC_b3f48.dir/link.txt --verbose=1
/usr/bin/cc  -DCHECK_FUNCTION_EXISTS=pthread_create    -rdynamic CMakeFiles/cmTC_b3f48.dir/CheckFunctionExists.c.o  -o cmTC_b3f48 -lpthreads 
/usr/bin/ld: cannot find -lpthreads
collect2: error: ld returned 1 exit status
CMakeFiles/cmTC_b3f48.dir/build.make:97: recipe for target 'cmTC_b3f48' failed
make[1]: *** [cmTC_b3f48] Error 1
make[1]: Leaving directory '/home/nico/ros/ICPR_TP4/ICPR/pemego_ws/build/husky_viz/CMakeFiles/CMakeTmp'
Makefile:126: recipe for target 'cmTC_b3f48/fast' failed
make: *** [cmTC_b3f48/fast] Error 2


