Determining if the pthread_create exist failed with the following output:
Change Dir: /home/loann/Bureau/ICPR/TP4/ICPR/pemego_ws/build/lms1xx/CMakeFiles/CMakeTmp

Run Build Command:"/usr/bin/make" "cmTC_c62c1/fast"
/usr/bin/make -f CMakeFiles/cmTC_c62c1.dir/build.make CMakeFiles/cmTC_c62c1.dir/build
make[1] : on entre dans le répertoire « /home/loann/Bureau/ICPR/TP4/ICPR/pemego_ws/build/lms1xx/CMakeFiles/CMakeTmp »
Building C object CMakeFiles/cmTC_c62c1.dir/CheckSymbolExists.c.o
/usr/bin/cc    -o CMakeFiles/cmTC_c62c1.dir/CheckSymbolExists.c.o   -c /home/loann/Bureau/ICPR/TP4/ICPR/pemego_ws/build/lms1xx/CMakeFiles/CMakeTmp/CheckSymbolExists.c
Linking C executable cmTC_c62c1
/usr/bin/cmake -E cmake_link_script CMakeFiles/cmTC_c62c1.dir/link.txt --verbose=1
/usr/bin/cc      -rdynamic CMakeFiles/cmTC_c62c1.dir/CheckSymbolExists.c.o  -o cmTC_c62c1 
CMakeFiles/cmTC_c62c1.dir/CheckSymbolExists.c.o : Dans la fonction « main » :
CheckSymbolExists.c:(.text+0x1b) : référence indéfinie vers « pthread_create »
collect2: error: ld returned 1 exit status
CMakeFiles/cmTC_c62c1.dir/build.make:97: recipe for target 'cmTC_c62c1' failed
make[1]: *** [cmTC_c62c1] Error 1
make[1] : on quitte le répertoire « /home/loann/Bureau/ICPR/TP4/ICPR/pemego_ws/build/lms1xx/CMakeFiles/CMakeTmp »
Makefile:126: recipe for target 'cmTC_c62c1/fast' failed
make: *** [cmTC_c62c1/fast] Error 2

File /home/loann/Bureau/ICPR/TP4/ICPR/pemego_ws/build/lms1xx/CMakeFiles/CMakeTmp/CheckSymbolExists.c:
/* */
#include <pthread.h>

int main(int argc, char** argv)
{
  (void)argv;
#ifndef pthread_create
  return ((int*)(&pthread_create))[argc];
#else
  (void)argc;
  return 0;
#endif
}

Determining if the function pthread_create exists in the pthreads failed with the following output:
Change Dir: /home/loann/Bureau/ICPR/TP4/ICPR/pemego_ws/build/lms1xx/CMakeFiles/CMakeTmp

Run Build Command:"/usr/bin/make" "cmTC_68e0a/fast"
/usr/bin/make -f CMakeFiles/cmTC_68e0a.dir/build.make CMakeFiles/cmTC_68e0a.dir/build
make[1] : on entre dans le répertoire « /home/loann/Bureau/ICPR/TP4/ICPR/pemego_ws/build/lms1xx/CMakeFiles/CMakeTmp »
Building C object CMakeFiles/cmTC_68e0a.dir/CheckFunctionExists.c.o
/usr/bin/cc   -DCHECK_FUNCTION_EXISTS=pthread_create   -o CMakeFiles/cmTC_68e0a.dir/CheckFunctionExists.c.o   -c /usr/share/cmake-3.10/Modules/CheckFunctionExists.c
Linking C executable cmTC_68e0a
/usr/bin/cmake -E cmake_link_script CMakeFiles/cmTC_68e0a.dir/link.txt --verbose=1
/usr/bin/cc  -DCHECK_FUNCTION_EXISTS=pthread_create    -rdynamic CMakeFiles/cmTC_68e0a.dir/CheckFunctionExists.c.o  -o cmTC_68e0a -lpthreads 
/usr/bin/ld : ne peut trouver -lpthreads
collect2: error: ld returned 1 exit status
CMakeFiles/cmTC_68e0a.dir/build.make:97: recipe for target 'cmTC_68e0a' failed
make[1]: *** [cmTC_68e0a] Error 1
make[1] : on quitte le répertoire « /home/loann/Bureau/ICPR/TP4/ICPR/pemego_ws/build/lms1xx/CMakeFiles/CMakeTmp »
Makefile:126: recipe for target 'cmTC_68e0a/fast' failed
make: *** [cmTC_68e0a/fast] Error 2


