Determining if the pthread_create exist failed with the following output:
Change Dir: /home/loann/Bureau/ICPR/TP4/ICPR/pemego_ws/build/robot_simu/CMakeFiles/CMakeTmp

Run Build Command:"/usr/bin/make" "cmTC_5b72b/fast"
/usr/bin/make -f CMakeFiles/cmTC_5b72b.dir/build.make CMakeFiles/cmTC_5b72b.dir/build
make[1] : on entre dans le répertoire « /home/loann/Bureau/ICPR/TP4/ICPR/pemego_ws/build/robot_simu/CMakeFiles/CMakeTmp »
Building C object CMakeFiles/cmTC_5b72b.dir/CheckSymbolExists.c.o
/usr/bin/cc    -o CMakeFiles/cmTC_5b72b.dir/CheckSymbolExists.c.o   -c /home/loann/Bureau/ICPR/TP4/ICPR/pemego_ws/build/robot_simu/CMakeFiles/CMakeTmp/CheckSymbolExists.c
Linking C executable cmTC_5b72b
/usr/bin/cmake -E cmake_link_script CMakeFiles/cmTC_5b72b.dir/link.txt --verbose=1
/usr/bin/cc      -rdynamic CMakeFiles/cmTC_5b72b.dir/CheckSymbolExists.c.o  -o cmTC_5b72b 
CMakeFiles/cmTC_5b72b.dir/CheckSymbolExists.c.o : Dans la fonction « main » :
CheckSymbolExists.c:(.text+0x1b) : référence indéfinie vers « pthread_create »
collect2: error: ld returned 1 exit status
CMakeFiles/cmTC_5b72b.dir/build.make:97: recipe for target 'cmTC_5b72b' failed
make[1]: *** [cmTC_5b72b] Error 1
make[1] : on quitte le répertoire « /home/loann/Bureau/ICPR/TP4/ICPR/pemego_ws/build/robot_simu/CMakeFiles/CMakeTmp »
Makefile:126: recipe for target 'cmTC_5b72b/fast' failed
make: *** [cmTC_5b72b/fast] Error 2

File /home/loann/Bureau/ICPR/TP4/ICPR/pemego_ws/build/robot_simu/CMakeFiles/CMakeTmp/CheckSymbolExists.c:
/* */
#include <pthread.h>

int main(int argc, char** argv)
{
  (void)argv;
#ifndef pthread_create
  return ((int*)(&pthread_create))[argc];
#else
  (void)argc;
  return 0;
#endif
}

Determining if the function pthread_create exists in the pthreads failed with the following output:
Change Dir: /home/loann/Bureau/ICPR/TP4/ICPR/pemego_ws/build/robot_simu/CMakeFiles/CMakeTmp

Run Build Command:"/usr/bin/make" "cmTC_d761c/fast"
/usr/bin/make -f CMakeFiles/cmTC_d761c.dir/build.make CMakeFiles/cmTC_d761c.dir/build
make[1] : on entre dans le répertoire « /home/loann/Bureau/ICPR/TP4/ICPR/pemego_ws/build/robot_simu/CMakeFiles/CMakeTmp »
Building C object CMakeFiles/cmTC_d761c.dir/CheckFunctionExists.c.o
/usr/bin/cc   -DCHECK_FUNCTION_EXISTS=pthread_create   -o CMakeFiles/cmTC_d761c.dir/CheckFunctionExists.c.o   -c /usr/share/cmake-3.10/Modules/CheckFunctionExists.c
Linking C executable cmTC_d761c
/usr/bin/cmake -E cmake_link_script CMakeFiles/cmTC_d761c.dir/link.txt --verbose=1
/usr/bin/cc  -DCHECK_FUNCTION_EXISTS=pthread_create    -rdynamic CMakeFiles/cmTC_d761c.dir/CheckFunctionExists.c.o  -o cmTC_d761c -lpthreads 
/usr/bin/ld : ne peut trouver -lpthreads
collect2: error: ld returned 1 exit status
CMakeFiles/cmTC_d761c.dir/build.make:97: recipe for target 'cmTC_d761c' failed
make[1]: *** [cmTC_d761c] Error 1
make[1] : on quitte le répertoire « /home/loann/Bureau/ICPR/TP4/ICPR/pemego_ws/build/robot_simu/CMakeFiles/CMakeTmp »
Makefile:126: recipe for target 'cmTC_d761c/fast' failed
make: *** [cmTC_d761c/fast] Error 2


