Determining if the pthread_create exist failed with the following output:
Change Dir: /home/loann/Bureau/ICPR/TP4/ICPR/pemego_ws/build/husky_base/CMakeFiles/CMakeTmp

Run Build Command:"/usr/bin/make" "cmTC_4de6f/fast"
/usr/bin/make -f CMakeFiles/cmTC_4de6f.dir/build.make CMakeFiles/cmTC_4de6f.dir/build
make[1] : on entre dans le répertoire « /home/loann/Bureau/ICPR/TP4/ICPR/pemego_ws/build/husky_base/CMakeFiles/CMakeTmp »
Building C object CMakeFiles/cmTC_4de6f.dir/CheckSymbolExists.c.o
/usr/bin/cc    -o CMakeFiles/cmTC_4de6f.dir/CheckSymbolExists.c.o   -c /home/loann/Bureau/ICPR/TP4/ICPR/pemego_ws/build/husky_base/CMakeFiles/CMakeTmp/CheckSymbolExists.c
Linking C executable cmTC_4de6f
/usr/bin/cmake -E cmake_link_script CMakeFiles/cmTC_4de6f.dir/link.txt --verbose=1
/usr/bin/cc      -rdynamic CMakeFiles/cmTC_4de6f.dir/CheckSymbolExists.c.o  -o cmTC_4de6f 
CMakeFiles/cmTC_4de6f.dir/CheckSymbolExists.c.o : Dans la fonction « main » :
CheckSymbolExists.c:(.text+0x1b) : référence indéfinie vers « pthread_create »
collect2: error: ld returned 1 exit status
CMakeFiles/cmTC_4de6f.dir/build.make:97: recipe for target 'cmTC_4de6f' failed
make[1]: *** [cmTC_4de6f] Error 1
make[1] : on quitte le répertoire « /home/loann/Bureau/ICPR/TP4/ICPR/pemego_ws/build/husky_base/CMakeFiles/CMakeTmp »
Makefile:126: recipe for target 'cmTC_4de6f/fast' failed
make: *** [cmTC_4de6f/fast] Error 2

File /home/loann/Bureau/ICPR/TP4/ICPR/pemego_ws/build/husky_base/CMakeFiles/CMakeTmp/CheckSymbolExists.c:
/* */
#include <pthread.h>

int main(int argc, char** argv)
{
  (void)argv;
#ifndef pthread_create
  return ((int*)(&pthread_create))[argc];
#else
  (void)argc;
  return 0;
#endif
}

Determining if the function pthread_create exists in the pthreads failed with the following output:
Change Dir: /home/loann/Bureau/ICPR/TP4/ICPR/pemego_ws/build/husky_base/CMakeFiles/CMakeTmp

Run Build Command:"/usr/bin/make" "cmTC_ef7ea/fast"
/usr/bin/make -f CMakeFiles/cmTC_ef7ea.dir/build.make CMakeFiles/cmTC_ef7ea.dir/build
make[1] : on entre dans le répertoire « /home/loann/Bureau/ICPR/TP4/ICPR/pemego_ws/build/husky_base/CMakeFiles/CMakeTmp »
Building C object CMakeFiles/cmTC_ef7ea.dir/CheckFunctionExists.c.o
/usr/bin/cc   -DCHECK_FUNCTION_EXISTS=pthread_create   -o CMakeFiles/cmTC_ef7ea.dir/CheckFunctionExists.c.o   -c /usr/share/cmake-3.10/Modules/CheckFunctionExists.c
Linking C executable cmTC_ef7ea
/usr/bin/cmake -E cmake_link_script CMakeFiles/cmTC_ef7ea.dir/link.txt --verbose=1
/usr/bin/cc  -DCHECK_FUNCTION_EXISTS=pthread_create    -rdynamic CMakeFiles/cmTC_ef7ea.dir/CheckFunctionExists.c.o  -o cmTC_ef7ea -lpthreads 
/usr/bin/ld : ne peut trouver -lpthreads
collect2: error: ld returned 1 exit status
CMakeFiles/cmTC_ef7ea.dir/build.make:97: recipe for target 'cmTC_ef7ea' failed
make[1]: *** [cmTC_ef7ea] Error 1
make[1] : on quitte le répertoire « /home/loann/Bureau/ICPR/TP4/ICPR/pemego_ws/build/husky_base/CMakeFiles/CMakeTmp »
Makefile:126: recipe for target 'cmTC_ef7ea/fast' failed
make: *** [cmTC_ef7ea/fast] Error 2


