Determining if the pthread_create exist failed with the following output:
Change Dir: /home/loann/Bureau/ICPR/TP4/ICPR/pemego_ws/build/husky_msgs/CMakeFiles/CMakeTmp

Run Build Command:"/usr/bin/make" "cmTC_09752/fast"
/usr/bin/make -f CMakeFiles/cmTC_09752.dir/build.make CMakeFiles/cmTC_09752.dir/build
make[1] : on entre dans le répertoire « /home/loann/Bureau/ICPR/TP4/ICPR/pemego_ws/build/husky_msgs/CMakeFiles/CMakeTmp »
Building C object CMakeFiles/cmTC_09752.dir/CheckSymbolExists.c.o
/usr/bin/cc    -o CMakeFiles/cmTC_09752.dir/CheckSymbolExists.c.o   -c /home/loann/Bureau/ICPR/TP4/ICPR/pemego_ws/build/husky_msgs/CMakeFiles/CMakeTmp/CheckSymbolExists.c
Linking C executable cmTC_09752
/usr/bin/cmake -E cmake_link_script CMakeFiles/cmTC_09752.dir/link.txt --verbose=1
/usr/bin/cc      -rdynamic CMakeFiles/cmTC_09752.dir/CheckSymbolExists.c.o  -o cmTC_09752 
CMakeFiles/cmTC_09752.dir/CheckSymbolExists.c.o : Dans la fonction « main » :
CheckSymbolExists.c:(.text+0x1b) : référence indéfinie vers « pthread_create »
collect2: error: ld returned 1 exit status
CMakeFiles/cmTC_09752.dir/build.make:97: recipe for target 'cmTC_09752' failed
make[1]: *** [cmTC_09752] Error 1
make[1] : on quitte le répertoire « /home/loann/Bureau/ICPR/TP4/ICPR/pemego_ws/build/husky_msgs/CMakeFiles/CMakeTmp »
Makefile:126: recipe for target 'cmTC_09752/fast' failed
make: *** [cmTC_09752/fast] Error 2

File /home/loann/Bureau/ICPR/TP4/ICPR/pemego_ws/build/husky_msgs/CMakeFiles/CMakeTmp/CheckSymbolExists.c:
/* */
#include <pthread.h>

int main(int argc, char** argv)
{
  (void)argv;
#ifndef pthread_create
  return ((int*)(&pthread_create))[argc];
#else
  (void)argc;
  return 0;
#endif
}

Determining if the function pthread_create exists in the pthreads failed with the following output:
Change Dir: /home/loann/Bureau/ICPR/TP4/ICPR/pemego_ws/build/husky_msgs/CMakeFiles/CMakeTmp

Run Build Command:"/usr/bin/make" "cmTC_13ed6/fast"
/usr/bin/make -f CMakeFiles/cmTC_13ed6.dir/build.make CMakeFiles/cmTC_13ed6.dir/build
make[1] : on entre dans le répertoire « /home/loann/Bureau/ICPR/TP4/ICPR/pemego_ws/build/husky_msgs/CMakeFiles/CMakeTmp »
Building C object CMakeFiles/cmTC_13ed6.dir/CheckFunctionExists.c.o
/usr/bin/cc   -DCHECK_FUNCTION_EXISTS=pthread_create   -o CMakeFiles/cmTC_13ed6.dir/CheckFunctionExists.c.o   -c /usr/share/cmake-3.10/Modules/CheckFunctionExists.c
Linking C executable cmTC_13ed6
/usr/bin/cmake -E cmake_link_script CMakeFiles/cmTC_13ed6.dir/link.txt --verbose=1
/usr/bin/cc  -DCHECK_FUNCTION_EXISTS=pthread_create    -rdynamic CMakeFiles/cmTC_13ed6.dir/CheckFunctionExists.c.o  -o cmTC_13ed6 -lpthreads 
/usr/bin/ld : ne peut trouver -lpthreads
collect2: error: ld returned 1 exit status
CMakeFiles/cmTC_13ed6.dir/build.make:97: recipe for target 'cmTC_13ed6' failed
make[1]: *** [cmTC_13ed6] Error 1
make[1] : on quitte le répertoire « /home/loann/Bureau/ICPR/TP4/ICPR/pemego_ws/build/husky_msgs/CMakeFiles/CMakeTmp »
Makefile:126: recipe for target 'cmTC_13ed6/fast' failed
make: *** [cmTC_13ed6/fast] Error 2


