Determining if the pthread_create exist failed with the following output:
Change Dir: /home/nico/ros/ICPR_TP4/ICPR/pemego_ws/build/husky_gazebo/CMakeFiles/CMakeTmp

Run Build Command:"/usr/bin/make" "cmTC_0435c/fast"
/usr/bin/make -f CMakeFiles/cmTC_0435c.dir/build.make CMakeFiles/cmTC_0435c.dir/build
make[1]: Entering directory '/home/nico/ros/ICPR_TP4/ICPR/pemego_ws/build/husky_gazebo/CMakeFiles/CMakeTmp'
Building C object CMakeFiles/cmTC_0435c.dir/CheckSymbolExists.c.o
/usr/bin/cc    -o CMakeFiles/cmTC_0435c.dir/CheckSymbolExists.c.o   -c /home/nico/ros/ICPR_TP4/ICPR/pemego_ws/build/husky_gazebo/CMakeFiles/CMakeTmp/CheckSymbolExists.c
Linking C executable cmTC_0435c
/usr/bin/cmake -E cmake_link_script CMakeFiles/cmTC_0435c.dir/link.txt --verbose=1
/usr/bin/cc      -rdynamic CMakeFiles/cmTC_0435c.dir/CheckSymbolExists.c.o  -o cmTC_0435c 
CMakeFiles/cmTC_0435c.dir/CheckSymbolExists.c.o: In function `main':
CheckSymbolExists.c:(.text+0x1b): undefined reference to `pthread_create'
collect2: error: ld returned 1 exit status
CMakeFiles/cmTC_0435c.dir/build.make:97: recipe for target 'cmTC_0435c' failed
make[1]: *** [cmTC_0435c] Error 1
make[1]: Leaving directory '/home/nico/ros/ICPR_TP4/ICPR/pemego_ws/build/husky_gazebo/CMakeFiles/CMakeTmp'
Makefile:126: recipe for target 'cmTC_0435c/fast' failed
make: *** [cmTC_0435c/fast] Error 2

File /home/nico/ros/ICPR_TP4/ICPR/pemego_ws/build/husky_gazebo/CMakeFiles/CMakeTmp/CheckSymbolExists.c:
/* */
#include <pthread.h>

int main(int argc, char** argv)
{
  (void)argv;
#ifndef pthread_create
  return ((int*)(&pthread_create))[argc];
#else
  (void)argc;
  return 0;
#endif
}

Determining if the function pthread_create exists in the pthreads failed with the following output:
Change Dir: /home/nico/ros/ICPR_TP4/ICPR/pemego_ws/build/husky_gazebo/CMakeFiles/CMakeTmp

Run Build Command:"/usr/bin/make" "cmTC_8cec8/fast"
/usr/bin/make -f CMakeFiles/cmTC_8cec8.dir/build.make CMakeFiles/cmTC_8cec8.dir/build
make[1]: Entering directory '/home/nico/ros/ICPR_TP4/ICPR/pemego_ws/build/husky_gazebo/CMakeFiles/CMakeTmp'
Building C object CMakeFiles/cmTC_8cec8.dir/CheckFunctionExists.c.o
/usr/bin/cc   -DCHECK_FUNCTION_EXISTS=pthread_create   -o CMakeFiles/cmTC_8cec8.dir/CheckFunctionExists.c.o   -c /usr/share/cmake-3.10/Modules/CheckFunctionExists.c
Linking C executable cmTC_8cec8
/usr/bin/cmake -E cmake_link_script CMakeFiles/cmTC_8cec8.dir/link.txt --verbose=1
/usr/bin/cc  -DCHECK_FUNCTION_EXISTS=pthread_create    -rdynamic CMakeFiles/cmTC_8cec8.dir/CheckFunctionExists.c.o  -o cmTC_8cec8 -lpthreads 
/usr/bin/ld: cannot find -lpthreads
collect2: error: ld returned 1 exit status
CMakeFiles/cmTC_8cec8.dir/build.make:97: recipe for target 'cmTC_8cec8' failed
make[1]: *** [cmTC_8cec8] Error 1
make[1]: Leaving directory '/home/nico/ros/ICPR_TP4/ICPR/pemego_ws/build/husky_gazebo/CMakeFiles/CMakeTmp'
Makefile:126: recipe for target 'cmTC_8cec8/fast' failed
make: *** [cmTC_8cec8/fast] Error 2


